ERROR - 2023-03-03 00:46:52 --> Error connecting to the database: mysqli_sql_exception: Uma tentativa de conexão falhou porque o componente conectado não respondeu
corretamente após um período de tempo ou a conexão estabelecida falhou
porque o host conectado não respondeu in C:\xampp\htdocs\cf-partners\system\Database\MySQLi\Connection.php:173
Stack trace:
#0 C:\xampp\htdocs\cf-partners\system\Database\MySQLi\Connection.php(173): mysqli->real_connect('cfpartners.mysq...', 'cfpartners', Object(SensitiveParameterValue), 'cfpartners', 3306, '', 0)
#1 C:\xampp\htdocs\cf-partners\system\Database\BaseConnection.php(391): CodeIgniter\Database\MySQLi\Connection->connect(false)
#2 C:\xampp\htdocs\cf-partners\system\Database\BaseConnection.php(573): CodeIgniter\Database\BaseConnection->initialize()
#3 C:\xampp\htdocs\cf-partners\system\Database\BaseBuilder.php(1700): CodeIgniter\Database\BaseConnection->query('SELECT COUNT(*)...', Array, false)
#4 C:\xampp\htdocs\cf-partners\system\Model.php(606): CodeIgniter\Database\BaseBuilder->countAllResults(true)
#5 C:\xampp\htdocs\cf-partners\app\Controllers\Home.php(11): CodeIgniter\Model->countAllResults()
#6 C:\xampp\htdocs\cf-partners\system\CodeIgniter.php(934): App\Controllers\Home->home()
#7 C:\xampp\htdocs\cf-partners\system\CodeIgniter.php(499): CodeIgniter\CodeIgniter->runController(Object(App\Controllers\Home))
#8 C:\xampp\htdocs\cf-partners\system\CodeIgniter.php(368): CodeIgniter\CodeIgniter->handleRequest(NULL, Object(Config\Cache), false)
#9 C:\xampp\htdocs\cf-partners\public\index.php(67): CodeIgniter\CodeIgniter->run()
#10 C:\xampp\htdocs\cf-partners\system\Commands\Server\rewrite.php(47): require_once('C:\\xampp\\htdocs...')
#11 {main}

Next CodeIgniter\Database\Exceptions\DatabaseException: Uma tentativa de conexão falhou porque o componente conectado não respondeu
corretamente após um período de tempo ou a conexão estabelecida falhou
porque o host conectado não respondeu in C:\xampp\htdocs\cf-partners\system\Database\MySQLi\Connection.php:218
Stack trace:
#0 C:\xampp\htdocs\cf-partners\system\Database\BaseConnection.php(391): CodeIgniter\Database\MySQLi\Connection->connect(false)
#1 C:\xampp\htdocs\cf-partners\system\Database\BaseConnection.php(573): CodeIgniter\Database\BaseConnection->initialize()
#2 C:\xampp\htdocs\cf-partners\system\Database\BaseBuilder.php(1700): CodeIgniter\Database\BaseConnection->query('SELECT COUNT(*)...', Array, false)
#3 C:\xampp\htdocs\cf-partners\system\Model.php(606): CodeIgniter\Database\BaseBuilder->countAllResults(true)
#4 C:\xampp\htdocs\cf-partners\app\Controllers\Home.php(11): CodeIgniter\Model->countAllResults()
#5 C:\xampp\htdocs\cf-partners\system\CodeIgniter.php(934): App\Controllers\Home->home()
#6 C:\xampp\htdocs\cf-partners\system\CodeIgniter.php(499): CodeIgniter\CodeIgniter->runController(Object(App\Controllers\Home))
#7 C:\xampp\htdocs\cf-partners\system\CodeIgniter.php(368): CodeIgniter\CodeIgniter->handleRequest(NULL, Object(Config\Cache), false)
#8 C:\xampp\htdocs\cf-partners\public\index.php(67): CodeIgniter\CodeIgniter->run()
#9 C:\xampp\htdocs\cf-partners\system\Commands\Server\rewrite.php(47): require_once('C:\\xampp\\htdocs...')
#10 {main}
CRITICAL - 2023-03-03 00:46:52 --> Unable to connect to the database.
Main connection [MySQLi]: Uma tentativa de conexão falhou porque o componente conectado não respondeu
corretamente após um período de tempo ou a conexão estabelecida falhou
porque o host conectado não respondeu
in SYSTEMPATH\Database\BaseConnection.php on line 427.
 1 SYSTEMPATH\Database\BaseConnection.php(573): CodeIgniter\Database\BaseConnection->initialize()
 2 SYSTEMPATH\Database\BaseBuilder.php(1700): CodeIgniter\Database\BaseConnection->query('SELECT COUNT(*) AS `numrows`
FROM `users`', [], false)
 3 SYSTEMPATH\Model.php(606): CodeIgniter\Database\BaseBuilder->countAllResults(true)
 4 APPPATH\Controllers\Home.php(11): CodeIgniter\Model->countAllResults()
 5 SYSTEMPATH\CodeIgniter.php(934): App\Controllers\Home->home()
 6 SYSTEMPATH\CodeIgniter.php(499): CodeIgniter\CodeIgniter->runController(Object(App\Controllers\Home))
 7 SYSTEMPATH\CodeIgniter.php(368): CodeIgniter\CodeIgniter->handleRequest(null, Object(Config\Cache), false)
 8 FCPATH\index.php(67): CodeIgniter\CodeIgniter->run()
 9 SYSTEMPATH\Commands\Server\rewrite.php(47): require_once('FCPATH\\index.php')
